Sender: LSF System <lsfadmin@cpt133>
Subject: Job 388794: <align_potential_HGT> in cluster <prdclst> Done

Job <align_potential_HGT> was submitted from host <frt> by user <vricci> in cluster <prdclst>.
Job was executed on host(s) <3*cpt133>, in queue <normal>, as user <vricci> in cluster <prdclst>.
</home/vricci> was used as the home directory.
</home/vricci/SAGE> was used as the working directory.
Started at Sun May 28 21:51:57 2017
Results reported at Sun May 28 22:27:20 2017

Your job looked like:

------------------------------------------------------------
# LSBATCH: User input
#!/bin/bash

#BSUB -L /bin/bash
#BSUB -o align_potential_HGT.out
#BSUB -e align_potential_HGT.err
#BSUB -J align_potential_HGT
#BSUB -n 3
#BSUB -R "span[ptile=3]"
#BSUB -M 10000000
#BSUB –R "rusage[mem=10000]"
#BSUB -u virginie.ricci@unil.ch


module add SequenceAnalysis/MultipleSequenceAlignment/mafft/7.305;

cd /scratch/beegfs/monthly/mls_2016/claivaz_ricci/SAGE_Firm5_specific_HGT/

for dir in Bumble_bees_proteins Bumble_Honey_bees_proteins Honey_bees_proteins; do
	mkdir -p ./data/alignment_potential_HGT/$dir
done


for dir_file in $(cat ./data/parsed_blast/list_files.txt); do
	INPUT=./data/parsed_blast/amino_acid_seq_$(basename ${dir_file%.out}).fasta
	OUTPUT=./data/alignment_potential_HGT/${dir_file%.out}.multifasta
	#echo $INPUT $OUTPUT
	mafft --auto $INPUT > $OUTPUT

done

------------------------------------------------------------

Successfully completed.

Resource usage summary:

    CPU time :               226.04 sec.
    Max Memory :             154.82 MB
    Average Memory :         125.47 MB
    Total Requested Memory : -
    Delta Memory :           -
    (Delta: the difference between total requested memory and actual max usage.)
    Max Swap :               705 MB

    Max Processes :          6
    Max Threads :            7

The output (if any) follows:



PS:

Read file <align_potential_HGT.err> for stderr output of this job.

