Sender: LSF System <lsfadmin@cpt161>
Subject: Job 310951: <extract_taxonomy_hierarchy> in cluster <prdclst> Exited

Job <extract_taxonomy_hierarchy> was submitted from host <frt> by user <vricci> in cluster <prdclst>.
Job was executed on host(s) <8*cpt161>, in queue <dee-long>, as user <vricci> in cluster <prdclst>.
</home/vricci> was used as the home directory.
</scratch/beegfs/monthly/mls_2016/claivaz_ricci/SAGE_Firm5_specific_HGT> was used as the working directory.
Started at Tue May 16 15:32:35 2017
Results reported at Tue May 16 15:32:50 2017

Your job looked like:

------------------------------------------------------------
# LSBATCH: User input
#!/bin/bash

#BSUB -L /bin/bash
#BSUB -o extract_taxonomy_hierarchy.out
#BSUB -e extract_taxonomy_hierarchy.err
#BSUB -J extract_taxonomy_hierarchy
#BSUB -n 8
#BSUB -R "span[ptile=8]"
#BSUB -M 10000000
#BSUB –R "rusage[mem=10000]"
#BSUB -u virginie.ricci@unil.ch
#BSUB -q dee-long



python3 ./scripts/extract_taxonomy_hierarchy.py

------------------------------------------------------------

Exited with exit code 1.

Resource usage summary:

    CPU time :               12.13 sec.
    Max Memory :             17.12 MB
    Average Memory :         17.12 MB
    Total Requested Memory : -
    Delta Memory :           -
    (Delta: the difference between total requested memory and actual max usage.)
    Max Swap :               393 MB

    Max Processes :          4
    Max Threads :            5

The output (if any) follows:



PS:

Read file <extract_taxonomy_hierarchy.err> for stderr output of this job.

Sender: LSF System <lsfadmin@cpt159>
Subject: Job 310953: <extract_taxonomy_hierarchy> in cluster <prdclst> Exited

Job <extract_taxonomy_hierarchy> was submitted from host <frt> by user <vricci> in cluster <prdclst>.
Job was executed on host(s) <8*cpt159>, in queue <dee-long>, as user <vricci> in cluster <prdclst>.
</home/vricci> was used as the home directory.
</scratch/beegfs/monthly/mls_2016/claivaz_ricci/SAGE_Firm5_specific_HGT> was used as the working directory.
Started at Tue May 16 15:35:39 2017
Results reported at Tue May 16 15:52:06 2017

Your job looked like:

------------------------------------------------------------
# LSBATCH: User input
#!/bin/bash

#BSUB -L /bin/bash
#BSUB -o extract_taxonomy_hierarchy.out
#BSUB -e extract_taxonomy_hierarchy.err
#BSUB -J extract_taxonomy_hierarchy
#BSUB -n 8
#BSUB -R "span[ptile=8]"
#BSUB -M 10000000
#BSUB –R "rusage[mem=10000]"
#BSUB -u virginie.ricci@unil.ch
#BSUB -q dee-long



python3 ./scripts/extract_taxonomy_hierarchy.py

------------------------------------------------------------

TERM_OWNER: job killed by owner.
Exited with exit code 1.

Resource usage summary:

    CPU time :               144.34 sec.
    Max Memory :             20.28 MB
    Average Memory :         19.88 MB
    Total Requested Memory : -
    Delta Memory :           -
    (Delta: the difference between total requested memory and actual max usage.)
    Max Swap :               400 MB

    Max Processes :          4
    Max Threads :            5

The output (if any) follows:



PS:

Read file <extract_taxonomy_hierarchy.err> for stderr output of this job.

Sender: LSF System <lsfadmin@cpt161>
Subject: Job 310971: <extract_taxonomy_hierarchy> in cluster <prdclst> Exited

Job <extract_taxonomy_hierarchy> was submitted from host <frt> by user <vricci> in cluster <prdclst>.
Job was executed on host(s) <8*cpt161>, in queue <dee-long>, as user <vricci> in cluster <prdclst>.
</home/vricci> was used as the home directory.
</scratch/beegfs/monthly/mls_2016/claivaz_ricci/SAGE_Firm5_specific_HGT> was used as the working directory.
Started at Tue May 16 16:06:37 2017
Results reported at Tue May 16 16:36:22 2017

Your job looked like:

------------------------------------------------------------
# LSBATCH: User input
#!/bin/bash

#BSUB -L /bin/bash
#BSUB -o extract_taxonomy_hierarchy.out
#BSUB -e extract_taxonomy_hierarchy.err
#BSUB -J extract_taxonomy_hierarchy
#BSUB -n 8
#BSUB -R "span[ptile=8]"
#BSUB -M 10000000
#BSUB –R "rusage[mem=10000]"
#BSUB -u virginie.ricci@unil.ch
#BSUB -q dee-long



python3 ./scripts/extract_taxonomy_hierarchy.py

------------------------------------------------------------

Exited with exit code 1.

Resource usage summary:

    CPU time :               229.13 sec.
    Max Memory :             20.57 MB
    Average Memory :         20.13 MB
    Total Requested Memory : -
    Delta Memory :           -
    (Delta: the difference between total requested memory and actual max usage.)
    Max Swap :               401 MB

    Max Processes :          4
    Max Threads :            5

The output (if any) follows:



PS:

Read file <extract_taxonomy_hierarchy.err> for stderr output of this job.

Sender: LSF System <lsfadmin@cpt162>
Subject: Job 311068: <extract_taxonomy_hierarchy> in cluster <prdclst> Exited

Job <extract_taxonomy_hierarchy> was submitted from host <frt> by user <vricci> in cluster <prdclst>.
Job was executed on host(s) <8*cpt162>, in queue <dee-long>, as user <vricci> in cluster <prdclst>.
</home/vricci> was used as the home directory.
</scratch/beegfs/monthly/mls_2016/claivaz_ricci/SAGE_Firm5_specific_HGT> was used as the working directory.
Started at Tue May 16 16:57:47 2017
Results reported at Sat May 20 12:50:48 2017

Your job looked like:

------------------------------------------------------------
# LSBATCH: User input
#!/bin/bash

#BSUB -L /bin/bash
#BSUB -o extract_taxonomy_hierarchy.out
#BSUB -e extract_taxonomy_hierarchy.err
#BSUB -J extract_taxonomy_hierarchy
#BSUB -n 8
#BSUB -R "span[ptile=8]"
#BSUB -M 10000000
#BSUB –R "rusage[mem=10000]"
#BSUB -u virginie.ricci@unil.ch
#BSUB -q dee-long



python3 ./scripts/extract_taxonomy_hierarchy.py

------------------------------------------------------------

TERM_OWNER: job killed by owner.
Exited with exit code 1.

Resource usage summary:

    CPU time :               1572.23 sec.
    Max Memory :             21.01 MB
    Average Memory :         20.95 MB
    Total Requested Memory : -
    Delta Memory :           -
    (Delta: the difference between total requested memory and actual max usage.)
    Max Swap :               401 MB

    Max Processes :          4
    Max Threads :            5

The output (if any) follows:



PS:

Read file <extract_taxonomy_hierarchy.err> for stderr output of this job.

Sender: LSF System <lsfadmin@cpt172>
Subject: Job 358513: <extract_taxonomy_hierarchy> in cluster <prdclst> Done

Job <extract_taxonomy_hierarchy> was submitted from host <frt> by user <vricci> in cluster <prdclst>.
Job was executed on host(s) <8*cpt172>, in queue <normal>, as user <vricci> in cluster <prdclst>.
</home/vricci> was used as the home directory.
</scratch/beegfs/monthly/mls_2016/claivaz_ricci/SAGE_Firm5_specific_HGT> was used as the working directory.
Started at Sat May 20 14:13:25 2017
Results reported at Sat May 20 17:44:57 2017

Your job looked like:

------------------------------------------------------------
# LSBATCH: User input
#!/bin/bash

#BSUB -L /bin/bash
#BSUB -o extract_taxonomy_hierarchy.out
#BSUB -e extract_taxonomy_hierarchy.err
#BSUB -J extract_taxonomy_hierarchy
#BSUB -n 8
#BSUB -R "span[ptile=8]"
#BSUB -M 10000000
#BSUB –R "rusage[mem=10000]"
#BSUB -u virginie.ricci@unil.ch



python3 ./scripts/extract_taxonomy_hierarchy.py

------------------------------------------------------------

Successfully completed.

Resource usage summary:

    CPU time :               755.49 sec.
    Max Memory :             25.68 MB
    Average Memory :         22.88 MB
    Total Requested Memory : -
    Delta Memory :           -
    (Delta: the difference between total requested memory and actual max usage.)
    Max Swap :               406 MB

    Max Processes :          4
    Max Threads :            5

The output (if any) follows:



PS:

Read file <extract_taxonomy_hierarchy.err> for stderr output of this job.

