Sender: LSF System <lsfadmin@cpt181>
Subject: Job 361427: <plot_identity_taxonomy> in cluster <prdclst> Exited

Job <plot_identity_taxonomy> was submitted from host <frt> by user <vricci> in cluster <prdclst>.
Job was executed on host(s) <3*cpt181>, in queue <normal>, as user <vricci> in cluster <prdclst>.
</home/vricci> was used as the home directory.
</home/vricci/SAGE/scripts> was used as the working directory.
Started at Mon May 22 11:09:49 2017
Results reported at Mon May 22 11:09:50 2017

Your job looked like:

------------------------------------------------------------
# LSBATCH: User input
#!/bin/bash

#BSUB -L /bin/bash
#BSUB -o plot_identity_taxonomy.out
#BSUB -e plot_identity_taxonomy.err
#BSUB -J plot_identity_taxonomy
#BSUB -n 3
#BSUB -R "span[ptile=3]"
#BSUB -M 10000000
#BSUB –R "rusage[mem=10000]"
#BSUB -u virginie.ricci@unil.ch

module add R/3.3.2;

Rscript scripts/plot_identity_taxonomy.R

------------------------------------------------------------

Exited with exit code 2.

Resource usage summary:

    CPU time :               0.26 sec.
    Total Requested Memory : -
    Delta Memory :           -
    (Delta: the difference between total requested memory and actual max usage.)

The output (if any) follows:

Fatal error: cannot open file 'scripts/plot_identity_taxonomy.R': No such file or directory


PS:

Read file <plot_identity_taxonomy.err> for stderr output of this job.

